  World.cpp
c:\sae\minigame\sdl2_engine\world.cpp(14): warning C4267: "Initialisierung": Konvertierung von "size_t" nach "int", Datenverlust möglich
  SDL2_Engine.vcxproj -> C:\SAE\Minigame\Build\bin\x64\Debug\SDL2_Engine.exe
  SDL2_Engine.vcxproj -> C:\SAE\Minigame\Build\bin\x64\Debug\SDL2_Engine.pdb (Partial PDB)
  C:\SAE\Minigame\Library\SDL2\lib\x64\SDL2.dll
  1 Datei(en) kopiert
  C:\SAE\Minigame\Library\SDL2_ttf\lib\x64\libfreetype-6.dll
  C:\SAE\Minigame\Library\SDL2_ttf\lib\x64\SDL2_ttf.dll
  C:\SAE\Minigame\Library\SDL2_ttf\lib\x64\zlib1.dll
  3 Datei(en) kopiert
  C:\SAE\Minigame\Library\SDL2_mixer\lib\x64\libFLAC-8.dll
  C:\SAE\Minigame\Library\SDL2_mixer\lib\x64\libmodplug-1.dll
  C:\SAE\Minigame\Library\SDL2_mixer\lib\x64\libmpg123-0.dll
  C:\SAE\Minigame\Library\SDL2_mixer\lib\x64\libogg-0.dll
  C:\SAE\Minigame\Library\SDL2_mixer\lib\x64\libvorbis-0.dll
  C:\SAE\Minigame\Library\SDL2_mixer\lib\x64\libvorbisfile-3.dll
  C:\SAE\Minigame\Library\SDL2_mixer\lib\x64\SDL2_mixer.dll
  7 Datei(en) kopiert
  C:\SAE\Minigame\Library\SDL2_image\lib\x64\libjpeg-9.dll
  C:\SAE\Minigame\Library\SDL2_image\lib\x64\libpng16-16.dll
  C:\SAE\Minigame\Library\SDL2_image\lib\x64\libtiff-5.dll
  C:\SAE\Minigame\Library\SDL2_image\lib\x64\libwebp-7.dll
  C:\SAE\Minigame\Library\SDL2_image\lib\x64\SDL2_image.dll
  C:\SAE\Minigame\Library\SDL2_image\lib\x64\zlib1.dll
  6 Datei(en) kopiert
