c:\users\maste\desktop\sdl2-master\sdl2_engine\x64\debug\vc141.pdb
c:\users\maste\desktop\sdl2-master\sdl2_engine\x64\debug\vc141.idb
c:\users\maste\desktop\sdl2-master\sdl2_engine\x64\debug\engine.obj
c:\users\maste\desktop\sdl2-master\sdl2_engine\x64\debug\followentity.obj
c:\users\maste\desktop\sdl2-master\sdl2_engine\x64\debug\font.obj
c:\users\maste\desktop\sdl2-master\sdl2_engine\x64\debug\helper.obj
c:\users\maste\desktop\sdl2-master\sdl2_engine\x64\debug\input.obj
c:\users\maste\desktop\sdl2-master\sdl2_engine\x64\debug\main.obj
c:\users\maste\desktop\sdl2-master\sdl2_engine\x64\debug\mainscene.obj
c:\users\maste\desktop\sdl2-master\sdl2_engine\x64\debug\menuplayer.obj
c:\users\maste\desktop\sdl2-master\sdl2_engine\x64\debug\menuscene.obj
c:\users\maste\desktop\sdl2-master\sdl2_engine\x64\debug\physics.obj
c:\users\maste\desktop\sdl2-master\sdl2_engine\x64\debug\pickup.obj
c:\users\maste\desktop\sdl2-master\sdl2_engine\x64\debug\player.obj
c:\users\maste\desktop\sdl2-master\sdl2_engine\x64\debug\rect.obj
c:\users\maste\desktop\sdl2-master\sdl2_engine\x64\debug\renderer.obj
c:\users\maste\desktop\sdl2-master\sdl2_engine\x64\debug\scene.obj
c:\users\maste\desktop\sdl2-master\sdl2_engine\x64\debug\text.obj
c:\users\maste\desktop\sdl2-master\sdl2_engine\x64\debug\texture.obj
c:\users\maste\desktop\sdl2-master\sdl2_engine\x64\debug\texturedentity.obj
c:\users\maste\desktop\sdl2-master\sdl2_engine\x64\debug\time.obj
c:\users\maste\desktop\sdl2-master\sdl2_engine\x64\debug\world.obj
c:\users\maste\desktop\sdl2-master\sdl2_engine\x64\debug\actor.obj
c:\users\maste\desktop\sdl2-master\sdl2_engine\x64\debug\bullet.obj
c:\users\maste\desktop\sdl2-master\sdl2_engine\x64\debug\color.obj
c:\users\maste\desktop\sdl2-master\sdl2_engine\x64\debug\enemy.obj
c:\users\maste\desktop\sdl2-master\build\bin\x64\debug\sdl2_engine.exe
c:\users\maste\desktop\sdl2-master\build\bin\x64\debug\sdl2_engine.ilk
c:\users\maste\desktop\sdl2-master\build\bin\x64\debug\sdl2_engine.pdb
c:\users\maste\desktop\sdl2-master\sdl2_engine\x64\debug\sdl2_engine.tlog\cl.command.1.tlog
c:\users\maste\desktop\sdl2-master\sdl2_engine\x64\debug\sdl2_engine.tlog\cl.read.1.tlog
c:\users\maste\desktop\sdl2-master\sdl2_engine\x64\debug\sdl2_engine.tlog\cl.write.1.tlog
c:\users\maste\desktop\sdl2-master\sdl2_engine\x64\debug\sdl2_engine.tlog\link.command.1.tlog
c:\users\maste\desktop\sdl2-master\sdl2_engine\x64\debug\sdl2_engine.tlog\link.read.1.tlog
c:\users\maste\desktop\sdl2-master\sdl2_engine\x64\debug\sdl2_engine.tlog\link.write.1.tlog
