c:\users\maste\desktop\sdl2-master\sdl2_engine\release\vc141.pdb
c:\users\maste\desktop\sdl2-master\sdl2_engine\release\text.obj
c:\users\maste\desktop\sdl2-master\sdl2_engine\release\scene.obj
c:\users\maste\desktop\sdl2-master\sdl2_engine\release\renderer.obj
c:\users\maste\desktop\sdl2-master\sdl2_engine\release\rect.obj
c:\users\maste\desktop\sdl2-master\sdl2_engine\release\player.obj
c:\users\maste\desktop\sdl2-master\sdl2_engine\release\pickup.obj
c:\users\maste\desktop\sdl2-master\sdl2_engine\release\physics.obj
c:\users\maste\desktop\sdl2-master\sdl2_engine\release\menuscene.obj
c:\users\maste\desktop\sdl2-master\sdl2_engine\release\menuplayer.obj
c:\users\maste\desktop\sdl2-master\sdl2_engine\release\mainscene.obj
c:\users\maste\desktop\sdl2-master\sdl2_engine\release\main.obj
c:\users\maste\desktop\sdl2-master\sdl2_engine\release\input.obj
c:\users\maste\desktop\sdl2-master\sdl2_engine\release\helper.obj
c:\users\maste\desktop\sdl2-master\sdl2_engine\release\font.obj
c:\users\maste\desktop\sdl2-master\sdl2_engine\release\followentity.obj
c:\users\maste\desktop\sdl2-master\sdl2_engine\release\engine.obj
c:\users\maste\desktop\sdl2-master\sdl2_engine\release\enemy.obj
c:\users\maste\desktop\sdl2-master\sdl2_engine\release\color.obj
c:\users\maste\desktop\sdl2-master\sdl2_engine\release\bullet.obj
c:\users\maste\desktop\sdl2-master\sdl2_engine\release\actor.obj
c:\users\maste\desktop\sdl2-master\sdl2_engine\release\world.obj
c:\users\maste\desktop\sdl2-master\sdl2_engine\release\time.obj
c:\users\maste\desktop\sdl2-master\sdl2_engine\release\texturedentity.obj
c:\users\maste\desktop\sdl2-master\sdl2_engine\release\texture.obj
c:\users\maste\desktop\sdl2-master\sdl2_engine\release\sdl2_engine.tlog\cl.command.1.tlog
c:\users\maste\desktop\sdl2-master\sdl2_engine\release\sdl2_engine.tlog\cl.read.1.tlog
c:\users\maste\desktop\sdl2-master\sdl2_engine\release\sdl2_engine.tlog\cl.write.1.tlog
c:\users\maste\desktop\sdl2-master\sdl2_engine\release\sdl2_engine.tlog\link.command.1.tlog
c:\users\maste\desktop\sdl2-master\sdl2_engine\release\sdl2_engine.tlog\link.read.1.tlog
c:\users\maste\desktop\sdl2-master\sdl2_engine\release\sdl2_engine.tlog\link.write.1.tlog
