  Actor.cpp
  Bullet.cpp
  Color.cpp
  Enemy.cpp
Enemy.cpp(114): warning C4244: "+=": Konvertierung von "float" in "int", möglicher Datenverlust
Enemy.cpp(115): warning C4244: "+=": Konvertierung von "float" in "int", möglicher Datenverlust
  Engine.cpp
c:\users\maste\desktop\sdl2-master\library\sdl2\include\SDL_surface.h(70): warning C4099: "SDL_Surface": Geben Sie den zuerst unter Verwendung von "class" und jetzt unter Verwendung von "struct" gesehenen Namen ein
  c:\users\maste\desktop\sdl2-master\library\sdl2\include\SDL_surface.h(69): note: Siehe Deklaration von "SDL_Surface"
c:\users\maste\desktop\sdl2-master\library\sdl2\include\SDL_video.h(90): warning C4099: "SDL_Window": Geben Sie den zuerst unter Verwendung von "class" und jetzt unter Verwendung von "struct" gesehenen Namen ein
  c:\users\maste\desktop\sdl2-master\sdl2_engine\Engine.h(4): note: Siehe Deklaration von "SDL_Window"
c:\users\maste\desktop\sdl2-master\sdl2_engine\Renderer.h(6): warning C4099: "SDL_Renderer": Geben Sie den zuerst unter Verwendung von "struct" und jetzt unter Verwendung von "class" gesehenen Namen ein
  c:\users\maste\desktop\sdl2-master\library\sdl2\include\SDL_render.h(122): note: Siehe Deklaration von "SDL_Renderer"
  FollowEntity.cpp
  Font.cpp
  Helper.cpp
  Input.cpp
  main.cpp
c:\users\maste\desktop\sdl2-master\sdl2_engine\Engine.h(4): warning C4099: "SDL_Window": Geben Sie den zuerst unter Verwendung von "struct" und jetzt unter Verwendung von "class" gesehenen Namen ein
  c:\users\maste\desktop\sdl2-master\library\sdl2\include\SDL_video.h(90): note: Siehe Deklaration von "SDL_Window"
c:\users\maste\desktop\sdl2-master\sdl2_engine\Engine.h(5): warning C4099: "SDL_Surface": Geben Sie den zuerst unter Verwendung von "struct" und jetzt unter Verwendung von "class" gesehenen Namen ein
  c:\users\maste\desktop\sdl2-master\library\sdl2\include\SDL_surface.h(70): note: Siehe Deklaration von "SDL_Surface"
  MainScene.cpp
c:\users\maste\desktop\sdl2-master\library\sdl2\include\SDL_surface.h(70): warning C4099: "SDL_Surface": Geben Sie den zuerst unter Verwendung von "class" und jetzt unter Verwendung von "struct" gesehenen Namen ein
  c:\users\maste\desktop\sdl2-master\library\sdl2\include\SDL_surface.h(69): note: Siehe Deklaration von "SDL_Surface"
c:\users\maste\desktop\sdl2-master\library\sdl2\include\SDL_video.h(90): warning C4099: "SDL_Window": Geben Sie den zuerst unter Verwendung von "class" und jetzt unter Verwendung von "struct" gesehenen Namen ein
  c:\users\maste\desktop\sdl2-master\sdl2_engine\Engine.h(4): note: Siehe Deklaration von "SDL_Window"
c:\users\maste\desktop\sdl2-master\library\sdl2\include\SDL_render.h(121): warning C4099: "SDL_Renderer": Geben Sie den zuerst unter Verwendung von "class" und jetzt unter Verwendung von "struct" gesehenen Namen ein
  c:\users\maste\desktop\sdl2-master\sdl2_engine\Renderer.h(6): note: Siehe Deklaration von "SDL_Renderer"
c:\users\maste\desktop\sdl2-master\library\sdl2\include\SDL_render.h(122): warning C4099: "SDL_Renderer": Geben Sie den zuerst unter Verwendung von "class" und jetzt unter Verwendung von "struct" gesehenen Namen ein
  c:\users\maste\desktop\sdl2-master\library\sdl2\include\SDL_render.h(121): note: Siehe Deklaration von "SDL_Renderer"
c:\users\maste\desktop\sdl2-master\library\sdl2\include\SDL_render.h(127): warning C4099: "SDL_Texture": Geben Sie den zuerst unter Verwendung von "class" und jetzt unter Verwendung von "struct" gesehenen Namen ein
  c:\users\maste\desktop\sdl2-master\sdl2_engine\Text.h(7): note: Siehe Deklaration von "SDL_Texture"
c:\users\maste\desktop\sdl2-master\library\sdl2\include\SDL_render.h(128): warning C4099: "SDL_Texture": Geben Sie den zuerst unter Verwendung von "class" und jetzt unter Verwendung von "struct" gesehenen Namen ein
  c:\users\maste\desktop\sdl2-master\library\sdl2\include\SDL_render.h(127): note: Siehe Deklaration von "SDL_Texture"
  MenuPlayer.cpp
c:\users\maste\desktop\sdl2-master\library\sdl2\include\SDL_surface.h(70): warning C4099: "SDL_Surface": Geben Sie den zuerst unter Verwendung von "class" und jetzt unter Verwendung von "struct" gesehenen Namen ein
  c:\users\maste\desktop\sdl2-master\library\sdl2\include\SDL_surface.h(69): note: Siehe Deklaration von "SDL_Surface"
c:\users\maste\desktop\sdl2-master\library\sdl2\include\SDL_render.h(127): warning C4099: "SDL_Texture": Geben Sie den zuerst unter Verwendung von "class" und jetzt unter Verwendung von "struct" gesehenen Namen ein
  c:\users\maste\desktop\sdl2-master\sdl2_engine\Text.h(7): note: Siehe Deklaration von "SDL_Texture"
c:\users\maste\desktop\sdl2-master\library\sdl2\include\SDL_render.h(128): warning C4099: "SDL_Texture": Geben Sie den zuerst unter Verwendung von "class" und jetzt unter Verwendung von "struct" gesehenen Namen ein
  c:\users\maste\desktop\sdl2-master\library\sdl2\include\SDL_render.h(127): note: Siehe Deklaration von "SDL_Texture"
c:\users\maste\desktop\sdl2-master\sdl2_engine\Engine.h(4): warning C4099: "SDL_Window": Geben Sie den zuerst unter Verwendung von "struct" und jetzt unter Verwendung von "class" gesehenen Namen ein
  c:\users\maste\desktop\sdl2-master\library\sdl2\include\SDL_video.h(90): note: Siehe Deklaration von "SDL_Window"
c:\users\maste\desktop\sdl2-master\sdl2_engine\Engine.h(5): warning C4099: "SDL_Surface": Geben Sie den zuerst unter Verwendung von "struct" und jetzt unter Verwendung von "class" gesehenen Namen ein
  c:\users\maste\desktop\sdl2-master\library\sdl2\include\SDL_surface.h(70): note: Siehe Deklaration von "SDL_Surface"
  MenuScene.cpp
c:\users\maste\desktop\sdl2-master\library\sdl2\include\SDL_surface.h(70): warning C4099: "SDL_Surface": Geben Sie den zuerst unter Verwendung von "class" und jetzt unter Verwendung von "struct" gesehenen Namen ein
  c:\users\maste\desktop\sdl2-master\library\sdl2\include\SDL_surface.h(69): note: Siehe Deklaration von "SDL_Surface"
c:\users\maste\desktop\sdl2-master\library\sdl2\include\SDL_render.h(127): warning C4099: "SDL_Texture": Geben Sie den zuerst unter Verwendung von "class" und jetzt unter Verwendung von "struct" gesehenen Namen ein
  c:\users\maste\desktop\sdl2-master\sdl2_engine\Text.h(7): note: Siehe Deklaration von "SDL_Texture"
c:\users\maste\desktop\sdl2-master\library\sdl2\include\SDL_render.h(128): warning C4099: "SDL_Texture": Geben Sie den zuerst unter Verwendung von "class" und jetzt unter Verwendung von "struct" gesehenen Namen ein
  c:\users\maste\desktop\sdl2-master\library\sdl2\include\SDL_render.h(127): note: Siehe Deklaration von "SDL_Texture"
  Physics.cpp
  Pickup.cpp
  Player.cpp
c:\users\maste\desktop\sdl2-master\library\sdl2\include\SDL_surface.h(70): warning C4099: "SDL_Surface": Geben Sie den zuerst unter Verwendung von "class" und jetzt unter Verwendung von "struct" gesehenen Namen ein
  c:\users\maste\desktop\sdl2-master\library\sdl2\include\SDL_surface.h(69): note: Siehe Deklaration von "SDL_Surface"
c:\users\maste\desktop\sdl2-master\library\sdl2\include\SDL_video.h(90): warning C4099: "SDL_Window": Geben Sie den zuerst unter Verwendung von "class" und jetzt unter Verwendung von "struct" gesehenen Namen ein
  c:\users\maste\desktop\sdl2-master\sdl2_engine\Engine.h(4): note: Siehe Deklaration von "SDL_Window"
c:\users\maste\desktop\sdl2-master\sdl2_engine\Texture.h(3): warning C4099: "SDL_Texture": Geben Sie den zuerst unter Verwendung von "struct" und jetzt unter Verwendung von "class" gesehenen Namen ein
  c:\users\maste\desktop\sdl2-master\library\sdl2\include\SDL_render.h(128): note: Siehe Deklaration von "SDL_Texture"
Player.cpp(133): warning C4244: "=": Konvertierung von "float" in "int", möglicher Datenverlust
Player.cpp(146): warning C4244: "=": Konvertierung von "float" in "int", möglicher Datenverlust
Player.cpp(212): warning C4244: "+=": Konvertierung von "float" in "int", möglicher Datenverlust
Player.cpp(213): warning C4244: "+=": Konvertierung von "float" in "int", möglicher Datenverlust
  Rect.cpp
  Renderer.cpp
c:\users\maste\desktop\sdl2-master\library\sdl2\include\SDL_video.h(90): warning C4099: "SDL_Window": Geben Sie den zuerst unter Verwendung von "class" und jetzt unter Verwendung von "struct" gesehenen Namen ein
  c:\users\maste\desktop\sdl2-master\sdl2_engine\Renderer.h(5): note: Siehe Deklaration von "SDL_Window"
c:\users\maste\desktop\sdl2-master\library\sdl2\include\SDL_render.h(121): warning C4099: "SDL_Renderer": Geben Sie den zuerst unter Verwendung von "class" und jetzt unter Verwendung von "struct" gesehenen Namen ein
  c:\users\maste\desktop\sdl2-master\sdl2_engine\Renderer.h(6): note: Siehe Deklaration von "SDL_Renderer"
c:\users\maste\desktop\sdl2-master\library\sdl2\include\SDL_render.h(122): warning C4099: "SDL_Renderer": Geben Sie den zuerst unter Verwendung von "class" und jetzt unter Verwendung von "struct" gesehenen Namen ein
  c:\users\maste\desktop\sdl2-master\library\sdl2\include\SDL_render.h(121): note: Siehe Deklaration von "SDL_Renderer"
c:\users\maste\desktop\sdl2-master\library\sdl2\include\SDL_render.h(127): warning C4099: "SDL_Texture": Geben Sie den zuerst unter Verwendung von "class" und jetzt unter Verwendung von "struct" gesehenen Namen ein
  c:\users\maste\desktop\sdl2-master\sdl2_engine\Texture.h(3): note: Siehe Deklaration von "SDL_Texture"
c:\users\maste\desktop\sdl2-master\library\sdl2\include\SDL_render.h(128): warning C4099: "SDL_Texture": Geben Sie den zuerst unter Verwendung von "class" und jetzt unter Verwendung von "struct" gesehenen Namen ein
  c:\users\maste\desktop\sdl2-master\library\sdl2\include\SDL_render.h(127): note: Siehe Deklaration von "SDL_Texture"
  Scene.cpp
  Text.cpp
c:\users\maste\desktop\sdl2-master\library\sdl2\include\SDL_surface.h(70): warning C4099: "SDL_Surface": Geben Sie den zuerst unter Verwendung von "class" und jetzt unter Verwendung von "struct" gesehenen Namen ein
  c:\users\maste\desktop\sdl2-master\library\sdl2\include\SDL_surface.h(69): note: Siehe Deklaration von "SDL_Surface"
c:\users\maste\desktop\sdl2-master\library\sdl2\include\SDL_render.h(127): warning C4099: "SDL_Texture": Geben Sie den zuerst unter Verwendung von "class" und jetzt unter Verwendung von "struct" gesehenen Namen ein
  c:\users\maste\desktop\sdl2-master\sdl2_engine\Text.h(7): note: Siehe Deklaration von "SDL_Texture"
c:\users\maste\desktop\sdl2-master\library\sdl2\include\SDL_render.h(128): warning C4099: "SDL_Texture": Geben Sie den zuerst unter Verwendung von "class" und jetzt unter Verwendung von "struct" gesehenen Namen ein
  c:\users\maste\desktop\sdl2-master\library\sdl2\include\SDL_render.h(127): note: Siehe Deklaration von "SDL_Texture"
c:\users\maste\desktop\sdl2-master\sdl2_engine\Renderer.h(5): warning C4099: "SDL_Window": Geben Sie den zuerst unter Verwendung von "struct" und jetzt unter Verwendung von "class" gesehenen Namen ein
  c:\users\maste\desktop\sdl2-master\library\sdl2\include\SDL_video.h(90): note: Siehe Deklaration von "SDL_Window"
c:\users\maste\desktop\sdl2-master\sdl2_engine\Renderer.h(6): warning C4099: "SDL_Renderer": Geben Sie den zuerst unter Verwendung von "struct" und jetzt unter Verwendung von "class" gesehenen Namen ein
  c:\users\maste\desktop\sdl2-master\library\sdl2\include\SDL_render.h(122): note: Siehe Deklaration von "SDL_Renderer"
  Kompilieren...
  Texture.cpp
c:\users\maste\desktop\sdl2-master\sdl2_engine\Texture.h(3): warning C4099: "SDL_Texture": Geben Sie den zuerst unter Verwendung von "struct" und jetzt unter Verwendung von "class" gesehenen Namen ein
  c:\users\maste\desktop\sdl2-master\library\sdl2\include\SDL_render.h(128): note: Siehe Deklaration von "SDL_Texture"
c:\users\maste\desktop\sdl2-master\sdl2_engine\Renderer.h(5): warning C4099: "SDL_Window": Geben Sie den zuerst unter Verwendung von "struct" und jetzt unter Verwendung von "class" gesehenen Namen ein
  c:\users\maste\desktop\sdl2-master\library\sdl2\include\SDL_video.h(90): note: Siehe Deklaration von "SDL_Window"
c:\users\maste\desktop\sdl2-master\sdl2_engine\Renderer.h(6): warning C4099: "SDL_Renderer": Geben Sie den zuerst unter Verwendung von "struct" und jetzt unter Verwendung von "class" gesehenen Namen ein
  c:\users\maste\desktop\sdl2-master\library\sdl2\include\SDL_render.h(122): note: Siehe Deklaration von "SDL_Renderer"
  TexturedEntity.cpp
  Time.cpp
  World.cpp
World.cpp(14): warning C4267: "Initialisierung": Konvertierung von "size_t" nach "int", Datenverlust möglich
Engine.obj : error LNK2001: Nicht aufgelöstes externes Symbol "TTF_Init".
Font.obj : error LNK2001: Nicht aufgelöstes externes Symbol "TTF_CloseFont".
Font.obj : error LNK2001: Nicht aufgelöstes externes Symbol "TTF_OpenFont".
Text.obj : error LNK2001: Nicht aufgelöstes externes Symbol "TTF_RenderText_Solid".
Texture.obj : error LNK2001: Nicht aufgelöstes externes Symbol "IMG_LoadTexture".
C:\Users\maste\Desktop\SDL2-master\Build\bin\x64\Release\SDL2_Engine.exe : fatal error LNK1120: 5 nicht aufgelöste Externe
